<?xml version="1.0" encoding="UTF-8"?>
<testsuite xmlns:xsi="http://www.w3.org/2001/XMLSchema-instance" xsi:noNamespaceSchemaLocation="https://maven.apache.org/surefire/maven-surefire-plugin/xsd/surefire-test-report-3.0.xsd" version="3.0" name="acmecollege.TestStudent" time="2.472" tests="8" errors="0" skipped="0" failures="0">
  <properties>
    <property name="java.specification.version" value="17"/>
    <property name="sun.jnu.encoding" value="UTF-8"/>
    <property name="java.class.path" value="/Users/yuanyuanliu/Downloads/rest-acmecollege/target/test-classes:/Users/yuanyuanliu/Downloads/rest-acmecollege/target/classes:/Users/yuanyuanliu/Documents/apache-maven-3.9.3/repo/org/apache/logging/log4j/log4j-api/2.17.2/log4j-api-2.17.2.jar:/Users/yuanyuanliu/Documents/apache-maven-3.9.3/repo/org/apache/logging/log4j/log4j-core/2.17.2/log4j-core-2.17.2.jar:/Users/yuanyuanliu/Documents/apache-maven-3.9.3/repo/jakarta/platform/jakarta.jakartaee-api/8.0.0/jakarta.jakartaee-api-8.0.0.jar:/Users/yuanyuanliu/Documents/apache-maven-3.9.3/repo/org/glassfish/soteria/jakarta.security.enterprise/1.0.1/jakarta.security.enterprise-1.0.1.jar:/Users/yuanyuanliu/Documents/apache-maven-3.9.3/repo/jakarta/security/enterprise/jakarta.security.enterprise-api/1.0.1/jakarta.security.enterprise-api-1.0.1.jar:/Users/yuanyuanliu/Documents/apache-maven-3.9.3/repo/com/fasterxml/jackson/core/jackson-databind/2.13.2/jackson-databind-2.13.2.jar:/Users/yuanyuanliu/Documents/apache-maven-3.9.3/repo/com/fasterxml/jackson/core/jackson-annotations/2.13.2/jackson-annotations-2.13.2.jar:/Users/yuanyuanliu/Documents/apache-maven-3.9.3/repo/com/fasterxml/jackson/core/jackson-core/2.13.2/jackson-core-2.13.2.jar:/Users/yuanyuanliu/Documents/apache-maven-3.9.3/repo/com/fasterxml/jackson/module/jackson-module-jaxb-annotations/2.13.2/jackson-module-jaxb-annotations-2.13.2.jar:/Users/yuanyuanliu/Documents/apache-maven-3.9.3/repo/jakarta/xml/bind/jakarta.xml.bind-api/2.3.3/jakarta.xml.bind-api-2.3.3.jar:/Users/yuanyuanliu/Documents/apache-maven-3.9.3/repo/jakarta/activation/jakarta.activation-api/1.2.1/jakarta.activation-api-1.2.1.jar:/Users/yuanyuanliu/Documents/apache-maven-3.9.3/repo/com/fasterxml/jackson/datatype/jackson-datatype-jsr310/2.13.2/jackson-datatype-jsr310-2.13.2.jar:/Users/yuanyuanliu/Documents/apache-maven-3.9.3/repo/com/fasterxml/jackson/jaxrs/jackson-jaxrs-json-provider/2.13.2/jackson-jaxrs-json-provider-2.13.2.jar:/Users/yuanyuanliu/Documents/apache-maven-3.9.3/repo/com/fasterxml/jackson/jaxrs/jackson-jaxrs-base/2.13.2/jackson-jaxrs-base-2.13.2.jar:/Users/yuanyuanliu/Documents/apache-maven-3.9.3/repo/com/mysql/mysql-connector-j/8.0.31/mysql-connector-j-8.0.31.jar:/Users/yuanyuanliu/Documents/apache-maven-3.9.3/repo/com/google/protobuf/protobuf-java/3.19.4/protobuf-java-3.19.4.jar:/Users/yuanyuanliu/Documents/apache-maven-3.9.3/repo/org/hibernate/hibernate-entitymanager/5.6.3.Final/hibernate-entitymanager-5.6.3.Final.jar:/Users/yuanyuanliu/Documents/apache-maven-3.9.3/repo/org/jboss/logging/jboss-logging/3.4.2.Final/jboss-logging-3.4.2.Final.jar:/Users/yuanyuanliu/Documents/apache-maven-3.9.3/repo/org/hibernate/hibernate-core/5.6.3.Final/hibernate-core-5.6.3.Final.jar:/Users/yuanyuanliu/Documents/apache-maven-3.9.3/repo/antlr/antlr/2.7.7/antlr-2.7.7.jar:/Users/yuanyuanliu/Documents/apache-maven-3.9.3/repo/org/jboss/jandex/2.2.3.Final/jandex-2.2.3.Final.jar:/Users/yuanyuanliu/Documents/apache-maven-3.9.3/repo/com/fasterxml/classmate/1.5.1/classmate-1.5.1.jar:/Users/yuanyuanliu/Documents/apache-maven-3.9.3/repo/javax/activation/javax.activation-api/1.2.0/javax.activation-api-1.2.0.jar:/Users/yuanyuanliu/Documents/apache-maven-3.9.3/repo/javax/xml/bind/jaxb-api/2.3.1/jaxb-api-2.3.1.jar:/Users/yuanyuanliu/Documents/apache-maven-3.9.3/repo/org/glassfish/jaxb/jaxb-runtime/2.3.1/jaxb-runtime-2.3.1.jar:/Users/yuanyuanliu/Documents/apache-maven-3.9.3/repo/org/glassfish/jaxb/txw2/2.3.1/txw2-2.3.1.jar:/Users/yuanyuanliu/Documents/apache-maven-3.9.3/repo/com/sun/istack/istack-commons-runtime/3.0.7/istack-commons-runtime-3.0.7.jar:/Users/yuanyuanliu/Documents/apache-maven-3.9.3/repo/org/jvnet/staxex/stax-ex/1.8/stax-ex-1.8.jar:/Users/yuanyuanliu/Documents/apache-maven-3.9.3/repo/com/sun/xml/fastinfoset/FastInfoset/1.2.15/FastInfoset-1.2.15.jar:/Users/yuanyuanliu/Documents/apache-maven-3.9.3/repo/org/hibernate/common/hibernate-commons-annotations/5.1.2.Final/hibernate-commons-annotations-5.1.2.Final.jar:/Users/yuanyuanliu/Documents/apache-maven-3.9.3/repo/net/bytebuddy/byte-buddy/1.11.20/byte-buddy-1.11.20.jar:/Users/yuanyuanliu/Documents/apache-maven-3.9.3/repo/org/jboss/spec/javax/transaction/jboss-transaction-api_1.2_spec/1.1.1.Final/jboss-transaction-api_1.2_spec-1.1.1.Final.jar:/Users/yuanyuanliu/Documents/apache-maven-3.9.3/repo/org/junit/jupiter/junit-jupiter/5.7.0/junit-jupiter-5.7.0.jar:/Users/yuanyuanliu/Documents/apache-maven-3.9.3/repo/org/junit/jupiter/junit-jupiter-api/5.7.0/junit-jupiter-api-5.7.0.jar:/Users/yuanyuanliu/Documents/apache-maven-3.9.3/repo/org/apiguardian/apiguardian-api/1.1.0/apiguardian-api-1.1.0.jar:/Users/yuanyuanliu/Documents/apache-maven-3.9.3/repo/org/opentest4j/opentest4j/1.2.0/opentest4j-1.2.0.jar:/Users/yuanyuanliu/Documents/apache-maven-3.9.3/repo/org/junit/platform/junit-platform-commons/1.7.0/junit-platform-commons-1.7.0.jar:/Users/yuanyuanliu/Documents/apache-maven-3.9.3/repo/org/junit/jupiter/junit-jupiter-params/5.7.0/junit-jupiter-params-5.7.0.jar:/Users/yuanyuanliu/Documents/apache-maven-3.9.3/repo/org/junit/jupiter/junit-jupiter-engine/5.7.0/junit-jupiter-engine-5.7.0.jar:/Users/yuanyuanliu/Documents/apache-maven-3.9.3/repo/org/junit/platform/junit-platform-engine/1.7.0/junit-platform-engine-1.7.0.jar:/Users/yuanyuanliu/Documents/apache-maven-3.9.3/repo/org/hamcrest/hamcrest/2.2/hamcrest-2.2.jar:/Users/yuanyuanliu/Documents/apache-maven-3.9.3/repo/org/hamcrest/hamcrest-library/2.2/hamcrest-library-2.2.jar:/Users/yuanyuanliu/Documents/apache-maven-3.9.3/repo/org/hamcrest/hamcrest-core/2.2/hamcrest-core-2.2.jar:/Users/yuanyuanliu/Documents/apache-maven-3.9.3/repo/org/glassfish/jersey/core/jersey-client/2.34/jersey-client-2.34.jar:/Users/yuanyuanliu/Documents/apache-maven-3.9.3/repo/org/glassfish/jersey/core/jersey-common/2.34/jersey-common-2.34.jar:/Users/yuanyuanliu/Documents/apache-maven-3.9.3/repo/jakarta/annotation/jakarta.annotation-api/1.3.5/jakarta.annotation-api-1.3.5.jar:/Users/yuanyuanliu/Documents/apache-maven-3.9.3/repo/org/glassfish/hk2/osgi-resource-locator/1.0.3/osgi-resource-locator-1.0.3.jar:/Users/yuanyuanliu/Documents/apache-maven-3.9.3/repo/org/glassfish/jersey/inject/jersey-hk2/2.34/jersey-hk2-2.34.jar:/Users/yuanyuanliu/Documents/apache-maven-3.9.3/repo/org/glassfish/hk2/hk2-locator/2.6.1/hk2-locator-2.6.1.jar:/Users/yuanyuanliu/Documents/apache-maven-3.9.3/repo/org/glassfish/hk2/external/aopalliance-repackaged/2.6.1/aopalliance-repackaged-2.6.1.jar:/Users/yuanyuanliu/Documents/apache-maven-3.9.3/repo/org/glassfish/hk2/hk2-api/2.6.1/hk2-api-2.6.1.jar:/Users/yuanyuanliu/Documents/apache-maven-3.9.3/repo/org/glassfish/hk2/hk2-utils/2.6.1/hk2-utils-2.6.1.jar:/Users/yuanyuanliu/Documents/apache-maven-3.9.3/repo/org/javassist/javassist/3.25.0-GA/javassist-3.25.0-GA.jar:"/>
    <property name="java.vm.vendor" value="Amazon.com Inc."/>
    <property name="sun.arch.data.model" value="64"/>
    <property name="java.vendor.url" value="https://aws.amazon.com/corretto/"/>
    <property name="user.timezone" value="America/Toronto"/>
    <property name="os.name" value="Mac OS X"/>
    <property name="java.vm.specification.version" value="17"/>
    <property name="sun.java.launcher" value="SUN_STANDARD"/>
    <property name="user.country" value="CA"/>
    <property name="sun.boot.library.path" value="/Library/Java/JavaVirtualMachines/amazon-corretto-17.jdk/Contents/Home/lib"/>
    <property name="sun.java.command" value="/Users/yuanyuanliu/Downloads/rest-acmecollege/target/surefire/surefirebooter11362588415091488082.jar /Users/yuanyuanliu/Downloads/rest-acmecollege/target/surefire 2023-12-07T18-32-47_650-jvmRun1 surefire13062893396620310114tmp surefire_0276318441054796978tmp"/>
    <property name="http.nonProxyHosts" value="local|*.local|169.254/16|*.169.254/16"/>
    <property name="jdk.debug" value="release"/>
    <property name="surefire.test.class.path" value="/Users/yuanyuanliu/Downloads/rest-acmecollege/target/test-classes:/Users/yuanyuanliu/Downloads/rest-acmecollege/target/classes:/Users/yuanyuanliu/Documents/apache-maven-3.9.3/repo/org/apache/logging/log4j/log4j-api/2.17.2/log4j-api-2.17.2.jar:/Users/yuanyuanliu/Documents/apache-maven-3.9.3/repo/org/apache/logging/log4j/log4j-core/2.17.2/log4j-core-2.17.2.jar:/Users/yuanyuanliu/Documents/apache-maven-3.9.3/repo/jakarta/platform/jakarta.jakartaee-api/8.0.0/jakarta.jakartaee-api-8.0.0.jar:/Users/yuanyuanliu/Documents/apache-maven-3.9.3/repo/org/glassfish/soteria/jakarta.security.enterprise/1.0.1/jakarta.security.enterprise-1.0.1.jar:/Users/yuanyuanliu/Documents/apache-maven-3.9.3/repo/jakarta/security/enterprise/jakarta.security.enterprise-api/1.0.1/jakarta.security.enterprise-api-1.0.1.jar:/Users/yuanyuanliu/Documents/apache-maven-3.9.3/repo/com/fasterxml/jackson/core/jackson-databind/2.13.2/jackson-databind-2.13.2.jar:/Users/yuanyuanliu/Documents/apache-maven-3.9.3/repo/com/fasterxml/jackson/core/jackson-annotations/2.13.2/jackson-annotations-2.13.2.jar:/Users/yuanyuanliu/Documents/apache-maven-3.9.3/repo/com/fasterxml/jackson/core/jackson-core/2.13.2/jackson-core-2.13.2.jar:/Users/yuanyuanliu/Documents/apache-maven-3.9.3/repo/com/fasterxml/jackson/module/jackson-module-jaxb-annotations/2.13.2/jackson-module-jaxb-annotations-2.13.2.jar:/Users/yuanyuanliu/Documents/apache-maven-3.9.3/repo/jakarta/xml/bind/jakarta.xml.bind-api/2.3.3/jakarta.xml.bind-api-2.3.3.jar:/Users/yuanyuanliu/Documents/apache-maven-3.9.3/repo/jakarta/activation/jakarta.activation-api/1.2.1/jakarta.activation-api-1.2.1.jar:/Users/yuanyuanliu/Documents/apache-maven-3.9.3/repo/com/fasterxml/jackson/datatype/jackson-datatype-jsr310/2.13.2/jackson-datatype-jsr310-2.13.2.jar:/Users/yuanyuanliu/Documents/apache-maven-3.9.3/repo/com/fasterxml/jackson/jaxrs/jackson-jaxrs-json-provider/2.13.2/jackson-jaxrs-json-provider-2.13.2.jar:/Users/yuanyuanliu/Documents/apache-maven-3.9.3/repo/com/fasterxml/jackson/jaxrs/jackson-jaxrs-base/2.13.2/jackson-jaxrs-base-2.13.2.jar:/Users/yuanyuanliu/Documents/apache-maven-3.9.3/repo/com/mysql/mysql-connector-j/8.0.31/mysql-connector-j-8.0.31.jar:/Users/yuanyuanliu/Documents/apache-maven-3.9.3/repo/com/google/protobuf/protobuf-java/3.19.4/protobuf-java-3.19.4.jar:/Users/yuanyuanliu/Documents/apache-maven-3.9.3/repo/org/hibernate/hibernate-entitymanager/5.6.3.Final/hibernate-entitymanager-5.6.3.Final.jar:/Users/yuanyuanliu/Documents/apache-maven-3.9.3/repo/org/jboss/logging/jboss-logging/3.4.2.Final/jboss-logging-3.4.2.Final.jar:/Users/yuanyuanliu/Documents/apache-maven-3.9.3/repo/org/hibernate/hibernate-core/5.6.3.Final/hibernate-core-5.6.3.Final.jar:/Users/yuanyuanliu/Documents/apache-maven-3.9.3/repo/antlr/antlr/2.7.7/antlr-2.7.7.jar:/Users/yuanyuanliu/Documents/apache-maven-3.9.3/repo/org/jboss/jandex/2.2.3.Final/jandex-2.2.3.Final.jar:/Users/yuanyuanliu/Documents/apache-maven-3.9.3/repo/com/fasterxml/classmate/1.5.1/classmate-1.5.1.jar:/Users/yuanyuanliu/Documents/apache-maven-3.9.3/repo/javax/activation/javax.activation-api/1.2.0/javax.activation-api-1.2.0.jar:/Users/yuanyuanliu/Documents/apache-maven-3.9.3/repo/javax/xml/bind/jaxb-api/2.3.1/jaxb-api-2.3.1.jar:/Users/yuanyuanliu/Documents/apache-maven-3.9.3/repo/org/glassfish/jaxb/jaxb-runtime/2.3.1/jaxb-runtime-2.3.1.jar:/Users/yuanyuanliu/Documents/apache-maven-3.9.3/repo/org/glassfish/jaxb/txw2/2.3.1/txw2-2.3.1.jar:/Users/yuanyuanliu/Documents/apache-maven-3.9.3/repo/com/sun/istack/istack-commons-runtime/3.0.7/istack-commons-runtime-3.0.7.jar:/Users/yuanyuanliu/Documents/apache-maven-3.9.3/repo/org/jvnet/staxex/stax-ex/1.8/stax-ex-1.8.jar:/Users/yuanyuanliu/Documents/apache-maven-3.9.3/repo/com/sun/xml/fastinfoset/FastInfoset/1.2.15/FastInfoset-1.2.15.jar:/Users/yuanyuanliu/Documents/apache-maven-3.9.3/repo/org/hibernate/common/hibernate-commons-annotations/5.1.2.Final/hibernate-commons-annotations-5.1.2.Final.jar:/Users/yuanyuanliu/Documents/apache-maven-3.9.3/repo/net/bytebuddy/byte-buddy/1.11.20/byte-buddy-1.11.20.jar:/Users/yuanyuanliu/Documents/apache-maven-3.9.3/repo/org/jboss/spec/javax/transaction/jboss-transaction-api_1.2_spec/1.1.1.Final/jboss-transaction-api_1.2_spec-1.1.1.Final.jar:/Users/yuanyuanliu/Documents/apache-maven-3.9.3/repo/org/junit/jupiter/junit-jupiter/5.7.0/junit-jupiter-5.7.0.jar:/Users/yuanyuanliu/Documents/apache-maven-3.9.3/repo/org/junit/jupiter/junit-jupiter-api/5.7.0/junit-jupiter-api-5.7.0.jar:/Users/yuanyuanliu/Documents/apache-maven-3.9.3/repo/org/apiguardian/apiguardian-api/1.1.0/apiguardian-api-1.1.0.jar:/Users/yuanyuanliu/Documents/apache-maven-3.9.3/repo/org/opentest4j/opentest4j/1.2.0/opentest4j-1.2.0.jar:/Users/yuanyuanliu/Documents/apache-maven-3.9.3/repo/org/junit/platform/junit-platform-commons/1.7.0/junit-platform-commons-1.7.0.jar:/Users/yuanyuanliu/Documents/apache-maven-3.9.3/repo/org/junit/jupiter/junit-jupiter-params/5.7.0/junit-jupiter-params-5.7.0.jar:/Users/yuanyuanliu/Documents/apache-maven-3.9.3/repo/org/junit/jupiter/junit-jupiter-engine/5.7.0/junit-jupiter-engine-5.7.0.jar:/Users/yuanyuanliu/Documents/apache-maven-3.9.3/repo/org/junit/platform/junit-platform-engine/1.7.0/junit-platform-engine-1.7.0.jar:/Users/yuanyuanliu/Documents/apache-maven-3.9.3/repo/org/hamcrest/hamcrest/2.2/hamcrest-2.2.jar:/Users/yuanyuanliu/Documents/apache-maven-3.9.3/repo/org/hamcrest/hamcrest-library/2.2/hamcrest-library-2.2.jar:/Users/yuanyuanliu/Documents/apache-maven-3.9.3/repo/org/hamcrest/hamcrest-core/2.2/hamcrest-core-2.2.jar:/Users/yuanyuanliu/Documents/apache-maven-3.9.3/repo/org/glassfish/jersey/core/jersey-client/2.34/jersey-client-2.34.jar:/Users/yuanyuanliu/Documents/apache-maven-3.9.3/repo/org/glassfish/jersey/core/jersey-common/2.34/jersey-common-2.34.jar:/Users/yuanyuanliu/Documents/apache-maven-3.9.3/repo/jakarta/annotation/jakarta.annotation-api/1.3.5/jakarta.annotation-api-1.3.5.jar:/Users/yuanyuanliu/Documents/apache-maven-3.9.3/repo/org/glassfish/hk2/osgi-resource-locator/1.0.3/osgi-resource-locator-1.0.3.jar:/Users/yuanyuanliu/Documents/apache-maven-3.9.3/repo/org/glassfish/jersey/inject/jersey-hk2/2.34/jersey-hk2-2.34.jar:/Users/yuanyuanliu/Documents/apache-maven-3.9.3/repo/org/glassfish/hk2/hk2-locator/2.6.1/hk2-locator-2.6.1.jar:/Users/yuanyuanliu/Documents/apache-maven-3.9.3/repo/org/glassfish/hk2/external/aopalliance-repackaged/2.6.1/aopalliance-repackaged-2.6.1.jar:/Users/yuanyuanliu/Documents/apache-maven-3.9.3/repo/org/glassfish/hk2/hk2-api/2.6.1/hk2-api-2.6.1.jar:/Users/yuanyuanliu/Documents/apache-maven-3.9.3/repo/org/glassfish/hk2/hk2-utils/2.6.1/hk2-utils-2.6.1.jar:/Users/yuanyuanliu/Documents/apache-maven-3.9.3/repo/org/javassist/javassist/3.25.0-GA/javassist-3.25.0-GA.jar:"/>
    <property name="sun.cpu.endian" value="little"/>
    <property name="user.home" value="/Users/yuanyuanliu"/>
    <property name="user.language" value="en"/>
    <property name="java.specification.vendor" value="Oracle Corporation"/>
    <property name="java.version.date" value="2022-08-12"/>
    <property name="generateReports" value="false"/>
    <property name="java.home" value="/Library/Java/JavaVirtualMachines/amazon-corretto-17.jdk/Contents/Home"/>
    <property name="file.separator" value="/"/>
    <property name="basedir" value="/Users/yuanyuanliu/Downloads/rest-acmecollege"/>
    <property name="java.vm.compressedOopsMode" value="Zero based"/>
    <property name="line.separator" value="&#10;"/>
    <property name="java.vm.specification.vendor" value="Oracle Corporation"/>
    <property name="java.specification.name" value="Java Platform API Specification"/>
    <property name="surefire.real.class.path" value="/Users/yuanyuanliu/Downloads/rest-acmecollege/target/surefire/surefirebooter11362588415091488082.jar"/>
    <property name="sun.management.compiler" value="HotSpot 64-Bit Tiered Compilers"/>
    <property name="ftp.nonProxyHosts" value="local|*.local|169.254/16|*.169.254/16"/>
    <property name="java.runtime.version" value="17.0.4.1+9-LTS"/>
    <property name="user.name" value="yuanyuanliu"/>
    <property name="path.separator" value=":"/>
    <property name="os.version" value="13.4"/>
    <property name="java.runtime.name" value="OpenJDK Runtime Environment"/>
    <property name="file.encoding" value="UTF-8"/>
    <property name="java.vm.name" value="OpenJDK 64-Bit Server VM"/>
    <property name="java.vendor.version" value="Corretto-17.0.4.9.1"/>
    <property name="localRepository" value="/Users/yuanyuanliu/Documents/apache-maven-3.9.3/repo"/>
    <property name="java.vendor.url.bug" value="https://github.com/corretto/corretto-17/issues/"/>
    <property name="java.io.tmpdir" value="/var/folders/8j/gj0696512klcqmnsv_mx9_gr0000gn/T/"/>
    <property name="java.version" value="17.0.4.1"/>
    <property name="user.dir" value="/Users/yuanyuanliu/Downloads/rest-acmecollege"/>
    <property name="os.arch" value="x86_64"/>
    <property name="java.vm.specification.name" value="Java Virtual Machine Specification"/>
    <property name="native.encoding" value="UTF-8"/>
    <property name="java.library.path" value="/Users/yuanyuanliu/Library/Java/Extensions:/Library/Java/Extensions:/Network/Library/Java/Extensions:/System/Library/Java/Extensions:/usr/lib/java:."/>
    <property name="java.vm.info" value="mixed mode, sharing"/>
    <property name="java.vendor" value="Amazon.com Inc."/>
    <property name="java.vm.version" value="17.0.4.1+9-LTS"/>
    <property name="sun.io.unicode.encoding" value="UnicodeBig"/>
    <property name="socksNonProxyHosts" value="local|*.local|169.254/16|*.169.254/16"/>
    <property name="java.class.version" value="61.0"/>
  </properties>
  <testcase name="test01_get_students_with_userrole" classname="acmecollege.TestStudent" time="0.35">
    <system-out><![CDATA[&amp#27;[36m             acmecollege.TestStudent | oneTimeSetUp&amp#27;[m]]></system-out>
  </testcase>
  <testcase name="test02_get_student_By_Id_with_userrole" classname="acmecollege.TestStudent" time="0.428"/>
  <testcase name="test03_create_student_adminrole" classname="acmecollege.TestStudent" time="0.74"/>
  <testcase name="test04_create_student_userrole" classname="acmecollege.TestStudent" time="0.266"/>
  <testcase name="test05_update_student_By_Id_with_adminrole" classname="acmecollege.TestStudent" time="0.389"/>
  <testcase name="test06_update_student_By_Id_with_userrole" classname="acmecollege.TestStudent" time="0.08"/>
  <testcase name="test07__delete_student_By_Id_with_userrole" classname="acmecollege.TestStudent" time="0.068"/>
  <testcase name="test08_delete_student_By_Id_with_adminrole" classname="acmecollege.TestStudent" time="0.109"/>
</testsuite>